  RTRSceneFive.cpp
C:\Users\User\Documents\RMITY3S2\RealtimeRendering\RealtimeRenderingA1\A1_Bui_Peter\Src\RTRSceneFive.cpp(89,51): warning C4244: '=': conversion from 'unsigned __int64' to 'float', possible loss of data
C:\Users\User\Documents\RMITY3S2\RealtimeRendering\RealtimeRenderingA1\A1_Bui_Peter\Src\RTRSceneFive.cpp(142,38): warning C4244: 'argument': conversion from 'float' to 'int', possible loss of data
C:\Users\User\Documents\RMITY3S2\RealtimeRendering\RealtimeRenderingA1\A1_Bui_Peter\Src\RTRSceneFive.cpp(142,23): warning C4244: 'argument': conversion from 'float' to 'int', possible loss of data
C:\Users\User\Documents\RMITY3S2\RealtimeRendering\RealtimeRenderingA1\A1_Bui_Peter\Src\RTRSceneFive.cpp(150,54): warning C4267: 'argument': conversion from 'size_t' to 'int', possible loss of data
C:\Users\User\Documents\RMITY3S2\RealtimeRendering\RealtimeRenderingA1\A1_Bui_Peter\Src\RTRSceneFive.cpp(208,55): warning C4267: 'initializing': conversion from 'size_t' to 'int', possible loss of data
C:\Users\User\Documents\RMITY3S2\RealtimeRendering\RealtimeRenderingA1\A1_Bui_Peter\Src\RTRSceneFive.cpp(209,61): warning C4267: 'initializing': conversion from 'size_t' to 'int', possible loss of data
  RTRSceneFour.cpp
C:\Users\User\Documents\RMITY3S2\RealtimeRendering\RealtimeRenderingA1\A1_Bui_Peter\Src\RTRSceneFour.cpp(85,51): warning C4244: '=': conversion from 'unsigned __int64' to 'float', possible loss of data
C:\Users\User\Documents\RMITY3S2\RealtimeRendering\RealtimeRenderingA1\A1_Bui_Peter\Src\RTRSceneFour.cpp(125,38): warning C4244: 'argument': conversion from 'float' to 'int', possible loss of data
C:\Users\User\Documents\RMITY3S2\RealtimeRendering\RealtimeRenderingA1\A1_Bui_Peter\Src\RTRSceneFour.cpp(125,23): warning C4244: 'argument': conversion from 'float' to 'int', possible loss of data
C:\Users\User\Documents\RMITY3S2\RealtimeRendering\RealtimeRenderingA1\A1_Bui_Peter\Src\RTRSceneFour.cpp(133,49): warning C4267: 'argument': conversion from 'size_t' to 'int', possible loss of data
C:\Users\User\Documents\RMITY3S2\RealtimeRendering\RealtimeRenderingA1\A1_Bui_Peter\Src\RTRSceneFour.cpp(183,55): warning C4267: 'initializing': conversion from 'size_t' to 'int', possible loss of data
C:\Users\User\Documents\RMITY3S2\RealtimeRendering\RealtimeRenderingA1\A1_Bui_Peter\Src\RTRSceneFour.cpp(184,61): warning C4267: 'initializing': conversion from 'size_t' to 'int', possible loss of data
  main.cpp
C:\Users\User\Documents\RMITY3S2\RealtimeRendering\RealtimeRenderingA1\A1_Bui_Peter\Include\gltext\gltext.h(300,29): warning C4267: '=': conversion from 'size_t' to 'int', possible loss of data
C:\Users\User\Documents\RMITY3S2\RealtimeRendering\RealtimeRenderingA1\A1_Bui_Peter\Src\main.cpp(138,32): warning C4244: '=': conversion from 'Sint32' to 'float', possible loss of data
C:\Users\User\Documents\RMITY3S2\RealtimeRendering\RealtimeRenderingA1\A1_Bui_Peter\Src\main.cpp(139,32): warning C4244: '=': conversion from 'Sint32' to 'float', possible loss of data
C:\Users\User\Documents\RMITY3S2\RealtimeRendering\RealtimeRenderingA1\A1_Bui_Peter\Src\main.cpp(291,5): warning C4267: 'initializing': conversion from 'size_t' to 'unsigned int', possible loss of data
C:\Users\User\Documents\RMITY3S2\RealtimeRendering\RealtimeRenderingA1\A1_Bui_Peter\Src\main.cpp(389,23): warning C4244: 'initializing': conversion from 'double' to 'float', possible loss of data
C:\Users\User\Documents\RMITY3S2\RealtimeRendering\RealtimeRenderingA1\A1_Bui_Peter\Src\main.cpp(416,25): warning C4244: '=': conversion from 'int' to 'float', possible loss of data
C:\Users\User\Documents\RMITY3S2\RealtimeRendering\RealtimeRenderingA1\A1_Bui_Peter\Src\main.cpp(419,25): warning C4244: '=': conversion from 'int' to 'float', possible loss of data
C:\Users\User\Documents\RMITY3S2\RealtimeRendering\RealtimeRenderingA1\A1_Bui_Peter\Src\main.cpp(421,25): warning C4244: '=': conversion from 'int' to 'float', possible loss of data
C:\Users\User\Documents\RMITY3S2\RealtimeRendering\RealtimeRenderingA1\A1_Bui_Peter\Src\main.cpp(492,61): warning C4244: 'argument': conversion from 'int' to 'float', possible loss of data
C:\Users\User\Documents\RMITY3S2\RealtimeRendering\RealtimeRenderingA1\A1_Bui_Peter\Src\main.cpp(492,46): warning C4244: 'argument': conversion from 'int' to 'float', possible loss of data
C:\Users\User\Documents\RMITY3S2\RealtimeRendering\RealtimeRenderingA1\A1_Bui_Peter\Src\main.cpp(494,61): warning C4244: 'argument': conversion from 'int' to 'float', possible loss of data
C:\Users\User\Documents\RMITY3S2\RealtimeRendering\RealtimeRenderingA1\A1_Bui_Peter\Src\main.cpp(494,46): warning C4244: 'argument': conversion from 'int' to 'float', possible loss of data
C:\Users\User\Documents\RMITY3S2\RealtimeRendering\RealtimeRenderingA1\A1_Bui_Peter\Src\main.cpp(496,65): warning C4244: 'argument': conversion from 'int' to 'float', possible loss of data
C:\Users\User\Documents\RMITY3S2\RealtimeRendering\RealtimeRenderingA1\A1_Bui_Peter\Src\main.cpp(496,50): warning C4244: 'argument': conversion from 'int' to 'float', possible loss of data
C:\Users\User\Documents\RMITY3S2\RealtimeRendering\RealtimeRenderingA1\A1_Bui_Peter\Src\main.cpp(498,63): warning C4244: 'argument': conversion from 'int' to 'float', possible loss of data
C:\Users\User\Documents\RMITY3S2\RealtimeRendering\RealtimeRenderingA1\A1_Bui_Peter\Src\main.cpp(498,48): warning C4244: 'argument': conversion from 'int' to 'float', possible loss of data
C:\Users\User\Documents\RMITY3S2\RealtimeRendering\RealtimeRenderingA1\A1_Bui_Peter\Src\main.cpp(500,63): warning C4244: 'argument': conversion from 'int' to 'float', possible loss of data
C:\Users\User\Documents\RMITY3S2\RealtimeRendering\RealtimeRenderingA1\A1_Bui_Peter\Src\main.cpp(500,48): warning C4244: 'argument': conversion from 'int' to 'float', possible loss of data
C:\Users\User\Documents\RMITY3S2\RealtimeRendering\RealtimeRenderingA1\A1_Bui_Peter\Src\main.cpp(502,61): warning C4244: 'argument': conversion from 'int' to 'float', possible loss of data
C:\Users\User\Documents\RMITY3S2\RealtimeRendering\RealtimeRenderingA1\A1_Bui_Peter\Src\main.cpp(502,46): warning C4244: 'argument': conversion from 'int' to 'float', possible loss of data
  Generating Code...
  RTRApp.vcxproj -> C:\Users\User\Documents\RMITY3S2\RealtimeRendering\RealtimeRenderingA1\A1_Bui_Peter\Build\Debug - x64\A1.exe
  0 File(s) copied
